{"/home/vromanet/IUT/BUT3/realtime-elo-ranker-master/apps/realtime-elo-ranker-server/test/app.e2e-spec.ts": {"path":"/home/vromanet/IUT/BUT3/realtime-elo-ranker-master/apps/realtime-elo-ranker-server/test/app.e2e-spec.ts","statementMap":{"0":{"start":{"line":1,"column":0},"end":{"line":1,"column":54}},"1":{"start":{"line":3,"column":0},"end":{"line":3,"column":37}},"2":{"start":{"line":5,"column":0},"end":{"line":5,"column":48}},"3":{"start":{"line":7,"column":0},"end":{"line":25,"column":3}},"4":{"start":{"line":10,"column":2},"end":{"line":17,"column":5}},"5":{"start":{"line":11,"column":41},"end":{"line":13,"column":16}},"6":{"start":{"line":15,"column":4},"end":{"line":15,"column":48}},"7":{"start":{"line":16,"column":4},"end":{"line":16,"column":21}},"8":{"start":{"line":19,"column":2},"end":{"line":24,"column":5}},"9":{"start":{"line":20,"column":4},"end":{"line":23,"column":30}}},"fnMap":{"0":{"name":"(anonymous_0)","decl":{"start":{"line":7,"column":32},"end":{"line":7,"column":35}},"loc":{"start":{"line":7,"column":37},"end":{"line":25,"column":1}}},"1":{"name":"(anonymous_1)","decl":{"start":{"line":10,"column":13},"end":{"line":10,"column":18}},"loc":{"start":{"line":10,"column":24},"end":{"line":17,"column":3}}},"2":{"name":"(anonymous_2)","decl":{"start":{"line":19,"column":16},"end":{"line":19,"column":19}},"loc":{"start":{"line":19,"column":21},"end":{"line":24,"column":3}}}},"branchMap":{},"s":{"0":0,"1":0,"2":0,"3":0,"4":0,"5":0,"6":0,"7":0,"8":0,"9":0},"f":{"0":0,"1":0,"2":0},"b":{}}
}
