TN:
SF:apps/realtime-elo-ranker-server/src/app.controller.ts
FN:6,(anonymous_2)
FN:9,(anonymous_3)
FNF:2
FNH:0
FNDA:0,(anonymous_2)
FNDA:0,(anonymous_3)
DA:1,0
DA:2,0
DA:5,0
DA:6,0
DA:9,0
DA:10,0
LF:6
LH:0
BRF:0
BRH:0
end_of_record
TN:
SF:apps/realtime-elo-ranker-server/src/app.module.ts
FNF:0
FNH:0
DA:1,0
DA:2,0
DA:3,0
DA:5,0
DA:7,0
DA:8,0
DA:9,0
DA:10,0
DA:12,0
DA:13,0
DA:14,0
DA:15,0
DA:16,0
DA:17,0
DA:19,0
DA:20,0
DA:38,0
LF:17
LH:0
BRF:0
BRH:0
end_of_record
TN:
SF:apps/realtime-elo-ranker-server/src/app.service.ts
FN:5,(anonymous_1)
FNF:1
FNH:0
FNDA:0,(anonymous_1)
DA:1,0
DA:4,0
DA:6,0
LF:3
LH:0
BRF:0
BRH:0
end_of_record
TN:
SF:apps/realtime-elo-ranker-server/src/main.ts
FN:4,bootstrap
FNF:1
FNH:0
FNDA:0,bootstrap
DA:1,0
DA:2,0
DA:5,0
DA:8,0
DA:14,0
DA:16,0
LF:6
LH:0
BRDA:9,0,0,0
BRDA:9,0,1,0
BRDA:14,1,0,0
BRDA:14,1,1,0
BRF:4
BRH:0
end_of_record
TN:
SF:apps/realtime-elo-ranker-server/src/database/database.module.ts
FNF:0
FNH:0
DA:1,0
DA:2,0
DA:14,0
LF:3
LH:0
BRF:0
BRH:0
end_of_record
TN:
SF:apps/realtime-elo-ranker-server/src/match/create-match.dto.ts
FNF:0
FNH:0
DA:1,1
DA:3,1
DA:5,1
DA:8,1
DA:11,1
LF:5
LH:5
BRF:0
BRH:0
end_of_record
TN:
SF:apps/realtime-elo-ranker-server/src/match/match.controller.ts
FN:8,(anonymous_4)
FN:11,(anonymous_5)
FN:16,(anonymous_6)
FNF:3
FNH:2
FNDA:2,(anonymous_4)
FNDA:1,(anonymous_5)
FNDA:0,(anonymous_6)
DA:1,1
DA:2,1
DA:3,1
DA:7,1
DA:8,2
DA:11,1
DA:12,1
DA:16,1
DA:17,0
LF:9
LH:8
BRF:0
BRH:0
end_of_record
TN:
SF:apps/realtime-elo-ranker-server/src/match/match.entity.ts
FN:9,(anonymous_2)
FN:12,(anonymous_3)
FNF:2
FNH:0
FNDA:0,(anonymous_2)
FNDA:0,(anonymous_3)
DA:1,2
DA:2,2
DA:5,2
DA:7,2
DA:9,0
DA:10,2
DA:12,0
DA:13,2
DA:16,2
LF:9
LH:7
BRF:0
BRH:0
end_of_record
TN:
SF:apps/realtime-elo-ranker-server/src/match/match.service.ts
FN:15,(anonymous_4)
FN:24,(anonymous_5)
FN:78,(anonymous_6)
FN:80,(anonymous_7)
FNF:4
FNH:2
FNDA:2,(anonymous_4)
FNDA:1,(anonymous_5)
FNDA:0,(anonymous_6)
FNDA:0,(anonymous_7)
DA:1,2
DA:2,2
DA:3,2
DA:4,2
DA:5,2
DA:6,2
DA:7,2
DA:12,2
DA:13,2
DA:17,2
DA:19,2
DA:20,2
DA:21,2
DA:25,1
DA:27,1
DA:28,1
DA:30,1
DA:31,0
DA:34,1
DA:35,1
DA:37,1
DA:38,1
DA:42,1
DA:43,0
DA:44,0
DA:46,1
DA:47,1
DA:50,1
DA:51,1
DA:53,1
DA:54,1
DA:56,1
DA:57,1
DA:59,1
DA:61,1
DA:67,1
DA:69,1
DA:71,1
DA:79,0
DA:80,0
LF:40
LH:35
BRDA:30,0,0,0
BRDA:30,1,0,1
BRDA:30,1,1,1
BRDA:34,2,0,1
BRDA:34,2,1,0
BRDA:35,3,0,1
BRDA:35,3,1,0
BRDA:42,4,0,0
BRDA:42,4,1,1
BRF:9
BRH:5
end_of_record
TN:
SF:apps/realtime-elo-ranker-server/src/match/response-match.dto.ts
FNF:0
FNH:0
DA:3,0
LF:1
LH:0
BRF:0
BRH:0
end_of_record
TN:
SF:apps/realtime-elo-ranker-server/src/player/create-player.dto.ts
FNF:0
FNH:0
DA:1,1
DA:3,1
DA:5,1
LF:3
LH:3
BRF:0
BRH:0
end_of_record
TN:
SF:apps/realtime-elo-ranker-server/src/player/player.controller.ts
FN:8,(anonymous_4)
FN:11,(anonymous_5)
FNF:2
FNH:2
FNDA:2,(anonymous_4)
FNDA:1,(anonymous_5)
DA:1,1
DA:2,1
DA:3,1
DA:7,1
DA:8,2
DA:11,1
DA:12,1
DA:13,0
DA:16,1
LF:9
LH:8
BRDA:12,0,0,0
BRF:1
BRH:0
end_of_record
TN:
SF:apps/realtime-elo-ranker-server/src/player/player.entity.ts
FNF:0
FNH:0
DA:1,8
DA:4,8
DA:6,8
DA:9,8
LF:4
LH:4
BRF:0
BRH:0
end_of_record
TN:
SF:apps/realtime-elo-ranker-server/src/player/player.service.ts
FN:12,(anonymous_4)
FN:19,(anonymous_5)
FNF:2
FNH:2
FNDA:5,(anonymous_4)
FNDA:2,(anonymous_5)
DA:1,2
DA:2,2
DA:3,2
DA:4,2
DA:5,2
DA:6,2
DA:11,2
DA:14,5
DA:15,5
DA:16,5
DA:20,2
DA:22,2
DA:24,2
DA:25,1
DA:26,1
DA:29,2
DA:31,2
DA:33,2
LF:18
LH:18
BRDA:24,0,0,1
BRF:1
BRH:1
end_of_record
TN:
SF:apps/realtime-elo-ranker-server/src/player/response-player.dto.ts
FNF:0
FNH:0
DA:1,0
DA:3,0
DA:5,0
DA:8,0
LF:4
LH:0
BRF:0
BRH:0
end_of_record
TN:
SF:apps/realtime-elo-ranker-server/src/ranking/ranking.controller.ts
FN:19,(anonymous_2)
FN:24,(anonymous_3)
FN:38,(anonymous_4)
FN:43,(anonymous_5)
FN:44,(anonymous_6)
FN:46,(anonymous_7)
FN:51,(anonymous_8)
FN:59,(anonymous_9)
FNF:8
FNH:2
FNDA:2,(anonymous_2)
FNDA:0,(anonymous_3)
FNDA:1,(anonymous_4)
FNDA:0,(anonymous_5)
FNDA:0,(anonymous_6)
FNDA:0,(anonymous_7)
FNDA:0,(anonymous_8)
FNDA:0,(anonymous_9)
DA:1,1
DA:2,1
DA:3,1
DA:4,1
DA:5,1
DA:16,1
DA:17,2
DA:20,2
DA:21,2
DA:22,2
DA:24,2
DA:25,0
DA:26,0
DA:38,1
DA:39,1
DA:43,1
DA:44,0
DA:45,0
DA:47,0
DA:52,0
DA:59,0
LF:21
LH:14
BRF:0
BRH:0
end_of_record
TN:
SF:apps/realtime-elo-ranker-server/src/ranking/ranking.service.ts
FN:7,(anonymous_2)
FN:9,(anonymous_3)
FN:11,(anonymous_4)
FNF:3
FNH:3
FNDA:2,(anonymous_2)
FNDA:1,(anonymous_3)
FNDA:2,(anonymous_4)
DA:1,2
DA:2,2
DA:6,2
DA:7,2
DA:10,1
DA:11,2
LF:6
LH:6
BRF:0
BRH:0
end_of_record
TN:
SF:apps/realtime-elo-ranker-server/src/ranking-cache/ranking-cache.service.ts
FN:12,(anonymous_4)
FN:18,(anonymous_5)
FN:21,(anonymous_6)
FN:26,(anonymous_7)
FN:30,(anonymous_8)
FN:35,(anonymous_9)
FN:47,(anonymous_10)
FN:50,(anonymous_11)
FN:57,(anonymous_12)
FN:14,(anonymous_13)
FNF:10
FNH:3
FNDA:3,(anonymous_4)
FNDA:0,(anonymous_5)
FNDA:2,(anonymous_6)
FNDA:2,(anonymous_7)
FNDA:0,(anonymous_8)
FNDA:0,(anonymous_9)
FNDA:0,(anonymous_10)
FNDA:0,(anonymous_11)
FNDA:0,(anonymous_12)
FNDA:0,(anonymous_13)
DA:1,8
DA:2,8
DA:3,8
DA:4,8
DA:5,8
DA:8,8
DA:9,3
DA:14,0
DA:15,3
DA:16,3
DA:18,3
DA:22,2
DA:23,2
DA:27,2
DA:31,0
DA:36,0
DA:38,0
DA:39,0
DA:40,0
DA:44,0
DA:49,0
DA:50,0
DA:51,0
DA:53,0
DA:58,0
DA:59,0
LF:26
LH:13
BRDA:39,0,0,0
BRF:1
BRH:0
end_of_record
TN:
SF:apps/realtime-elo-ranker-server/src/ranking-events/ranking-events.service.ts
FN:7,(anonymous_4)
FN:13,(anonymous_5)
FN:21,(anonymous_6)
FN:8,(anonymous_7)
FNF:4
FNH:4
FNDA:3,(anonymous_4)
FNDA:1,(anonymous_5)
FNDA:1,(anonymous_6)
FNDA:3,(anonymous_7)
DA:1,8
DA:2,8
DA:3,8
DA:6,8
DA:8,3
DA:9,3
DA:10,3
DA:14,1
DA:18,1
DA:22,1
LF:10
LH:10
BRDA:14,0,0,1
BRDA:14,0,1,0
BRF:2
BRH:1
end_of_record
